
Showing logs for build [32mcb-kubecd-environment-pr-195-38-hnjg6-1[0m stage [32mfrom-build-pack[0m and container [32mstep-credential-initializer-5sp8z[0m
{"level":"warn","ts":1586252609.8593557,"logger":"fallback-logger","caller":"logging/config.go:69","msg":"Fetch GitHub commit ID from kodata failed: \"ref: refs/heads/0.8.0-**-support-backwards-incompats\" is not a valid GitHub commit ID"}
{"level":"info","ts":1586252609.8599098,"logger":"fallback-logger","caller":"creds-init/main.go:40","msg":"Credentials initialized."}

Showing logs for build [32mcb-kubecd-environment-pr-195-38-hnjg6-1[0m stage [32mfrom-build-pack[0m and container [32mstep-working-dir-initializer-fdsrm[0m
{"level":"warn","ts":1586252610.8623333,"logger":"fallback-logger","caller":"logging/config.go:69","msg":"Fetch GitHub commit ID from kodata failed: open /var/run/ko/HEAD: no such file or directory"}
{"level":"info","ts":1586252610.8674157,"logger":"fallback-logger","caller":"bash/main.go:64","msg":"Successfully executed command \"sh -c mkdir -p /workspace/source\"; output "}

Showing logs for build [32mcb-kubecd-environment-pr-195-38-hnjg6-1[0m stage [32mfrom-build-pack[0m and container [32mstep-place-tools[0m

Showing logs for build [32mcb-kubecd-environment-pr-195-38-hnjg6-1[0m stage [32mfrom-build-pack[0m and container [32mstep-git-source-cb-kubecd-environment-pr-195-38-hnjg6-7djp8[0m
{"level":"warn","ts":1586252616.1706002,"logger":"fallback-logger","caller":"logging/config.go:69","msg":"Fetch GitHub commit ID from kodata failed: \"ref: refs/heads/0.8.0-**-support-backwards-incompats\" is not a valid GitHub commit ID"}
{"level":"info","ts":1586252617.2240093,"logger":"fallback-logger","caller":"git/git.go:103","msg":"Successfully cloned https://github.com/cb-kubecd/environment-pr-195-38-boot-gke-staging.git @ master in path /workspace/source"}

Showing logs for build [32mcb-kubecd-environment-pr-195-38-hnjg6-1[0m stage [32mfrom-build-pack[0m and container [32mstep-git-merge[0m
Using SHAs from PULL_REFS=master:e431634cfbd46eb393c4e2c4c85e963796022d2e,6:7c3ad1fb3641bb4965e06470e0d72e294ede6daa
DEBUG: LC_ALL=C JX_LOG_LEVEL=error git fetch origin --unshallow 7c3ad1fb3641bb4965e06470e0d72e294ede6daa: e431634cfbd46eb393c4e2c4c85e963796022d2e:
DEBUG: ran git fetch --unshallow origin 7c3ad1fb3641bb4965e06470e0d72e294ede6daa: e431634cfbd46eb393c4e2c4c85e963796022d2e: in 
DEBUG: LC_ALL=C JX_LOG_LEVEL=error git branch
DEBUG: LC_ALL=C JX_LOG_LEVEL=error git checkout master
DEBUG: ran git checkout master in 
DEBUG: LC_ALL=C JX_LOG_LEVEL=error git reset --hard e431634cfbd46eb393c4e2c4c85e963796022d2e
DEBUG: ran git reset --hard e431634cfbd46eb393c4e2c4c85e963796022d2e in 
DEBUG: LC_ALL=C JX_LOG_LEVEL=error git clean -fd .
DEBUG: ran clean --force -d . in 
DEBUG: LC_ALL=C JX_LOG_LEVEL=error git merge 7c3ad1fb3641bb4965e06470e0d72e294ede6daa
DEBUG: ran git merge 7c3ad1fb3641bb4965e06470e0d72e294ede6daa in 
DEBUG: LC_ALL=C JX_LOG_LEVEL=error git log --format=%H%x1f%an%x1f%ae%x1f%cn%x1f%ce%x1f%s%n%b%x1e e431634cfbd46eb393c4e2c4c85e963796022d2e..HEAD
Merged SHA 7c3ad1fb3641bb4965e06470e0d72e294ede6daa with commit message 'chore: Promote bdd-nh-import-1586251782 to version 0.0.1' into base branch master

Showing logs for build [32mcb-kubecd-environment-pr-195-38-hnjg6-1[0m stage [32mfrom-build-pack[0m and container [32mstep-build-helm-build[0m
WARNING: No $CHART_REPOSITORY defined so using the default value of: http://jenkins-x-chartmuseum:8080
Adding missing Helm repo: storage.googleapis.com https://storage.googleapis.com/chartmuseum.jenkins-x.io
WARNING: No secrets found on "helm/repos" due: reading the secret "helm/repos" from vault: no secret "helm/repos" not found in vault
Read credentials for https://storage.googleapis.com/chartmuseum.jenkins-x.io from vault helm/repos
Successfully added Helm repository storage.googleapis.com.
Adding missing Helm repo: jenkins-x-chartmuseum http://jenkins-x-chartmuseum:8080
WARNING: No secrets found on "helm/repos" due: reading the secret "helm/repos" from vault: no secret "helm/repos" not found in vault
Read credentials for http://jenkins-x-chartmuseum:8080 from vault helm/repos
Successfully added Helm repository jenkins-x-chartmuseum.
WARNING: No $CHART_REPOSITORY defined so using the default value of: http://jenkins-x-chartmuseum:8080
Adding missing Helm repo: chartmuseum.jenkins-x.io http://chartmuseum.jenkins-x.io
WARNING: No secrets found on "helm/repos" due: reading the secret "helm/repos" from vault: no secret "helm/repos" not found in vault
Read credentials for http://chartmuseum.jenkins-x.io from vault helm/repos
Successfully added Helm repository chartmuseum.jenkins-x.io.
