
Showing logs for build [32mcb-kubecd-environment-pr-195-38-gpbvj-1[0m stage [32mfrom-build-pack[0m and container [32mstep-credential-initializer-765q4[0m
{"level":"warn","ts":1586248605.4194212,"logger":"fallback-logger","caller":"logging/config.go:69","msg":"Fetch GitHub commit ID from kodata failed: \"ref: refs/heads/0.8.0-**-support-backwards-incompats\" is not a valid GitHub commit ID"}
{"level":"info","ts":1586248605.4216118,"logger":"fallback-logger","caller":"creds-init/main.go:40","msg":"Credentials initialized."}

Showing logs for build [32mcb-kubecd-environment-pr-195-38-gpbvj-1[0m stage [32mfrom-build-pack[0m and container [32mstep-working-dir-initializer-ljz42[0m
{"level":"warn","ts":1586248606.989344,"logger":"fallback-logger","caller":"logging/config.go:69","msg":"Fetch GitHub commit ID from kodata failed: open /var/run/ko/HEAD: no such file or directory"}
{"level":"info","ts":1586248606.9930093,"logger":"fallback-logger","caller":"bash/main.go:64","msg":"Successfully executed command \"sh -c mkdir -p /workspace/source\"; output "}

Showing logs for build [32mcb-kubecd-environment-pr-195-38-gpbvj-1[0m stage [32mfrom-build-pack[0m and container [32mstep-place-tools[0m

Showing logs for build [32mcb-kubecd-environment-pr-195-38-gpbvj-1[0m stage [32mfrom-build-pack[0m and container [32mstep-git-source-cb-kubecd-environment-pr-195-38-gpbvj-hbj7c[0m
{"level":"warn","ts":1586248613.2747009,"logger":"fallback-logger","caller":"logging/config.go:69","msg":"Fetch GitHub commit ID from kodata failed: \"ref: refs/heads/0.8.0-**-support-backwards-incompats\" is not a valid GitHub commit ID"}
{"level":"info","ts":1586248614.3883066,"logger":"fallback-logger","caller":"git/git.go:103","msg":"Successfully cloned https://github.com/cb-kubecd/environment-pr-195-38-boot-gke-staging.git @ master in path /workspace/source"}

Showing logs for build [32mcb-kubecd-environment-pr-195-38-gpbvj-1[0m stage [32mfrom-build-pack[0m and container [32mstep-git-merge[0m
Using SHAs from PULL_REFS=master:8e17819786f949e921b89d1f9ae1cb930ff87753,1:e34c658ff3b13fb77f09a717bd7534c309718a7a
DEBUG: LC_ALL=C JX_LOG_LEVEL=error git fetch origin --unshallow e34c658ff3b13fb77f09a717bd7534c309718a7a: 8e17819786f949e921b89d1f9ae1cb930ff87753:
DEBUG: ran git fetch --unshallow origin e34c658ff3b13fb77f09a717bd7534c309718a7a: 8e17819786f949e921b89d1f9ae1cb930ff87753: in 
DEBUG: JX_LOG_LEVEL=error LC_ALL=C git branch
DEBUG: LC_ALL=C JX_LOG_LEVEL=error git checkout master
DEBUG: ran git checkout master in 
DEBUG: LC_ALL=C JX_LOG_LEVEL=error git reset --hard 8e17819786f949e921b89d1f9ae1cb930ff87753
DEBUG: ran git reset --hard 8e17819786f949e921b89d1f9ae1cb930ff87753 in 
DEBUG: LC_ALL=C JX_LOG_LEVEL=error git clean -fd .
DEBUG: ran clean --force -d . in 
DEBUG: LC_ALL=C JX_LOG_LEVEL=error git merge e34c658ff3b13fb77f09a717bd7534c309718a7a
DEBUG: ran git merge e34c658ff3b13fb77f09a717bd7534c309718a7a in 
DEBUG: LC_ALL=C JX_LOG_LEVEL=error git log --format=%H%x1f%an%x1f%ae%x1f%cn%x1f%ce%x1f%s%n%b%x1e 8e17819786f949e921b89d1f9ae1cb930ff87753..HEAD
Merged SHA e34c658ff3b13fb77f09a717bd7534c309718a7a with commit message 'chore: Promote bdd-spring-1586248271 to version 0.0.1' into base branch master

Showing logs for build [32mcb-kubecd-environment-pr-195-38-gpbvj-1[0m stage [32mfrom-build-pack[0m and container [32mstep-build-helm-build[0m
WARNING: No $CHART_REPOSITORY defined so using the default value of: http://jenkins-x-chartmuseum:8080
Adding missing Helm repo: storage.googleapis.com https://storage.googleapis.com/chartmuseum.jenkins-x.io
WARNING: No secrets found on "helm/repos" due: reading the secret "helm/repos" from vault: no secret "helm/repos" not found in vault
Read credentials for https://storage.googleapis.com/chartmuseum.jenkins-x.io from vault helm/repos
Successfully added Helm repository storage.googleapis.com.
Adding missing Helm repo: jenkins-x-chartmuseum http://jenkins-x-chartmuseum:8080
WARNING: No secrets found on "helm/repos" due: reading the secret "helm/repos" from vault: no secret "helm/repos" not found in vault
Read credentials for http://jenkins-x-chartmuseum:8080 from vault helm/repos
Successfully added Helm repository jenkins-x-chartmuseum.
WARNING: No $CHART_REPOSITORY defined so using the default value of: http://jenkins-x-chartmuseum:8080
Adding missing Helm repo: chartmuseum.jenkins-x.io http://chartmuseum.jenkins-x.io
WARNING: No secrets found on "helm/repos" due: reading the secret "helm/repos" from vault: no secret "helm/repos" not found in vault
Read credentials for http://chartmuseum.jenkins-x.io from vault helm/repos
Successfully added Helm repository chartmuseum.jenkins-x.io.
